C:\Users\domy7\Desktop\Magistrale\Magistrale\Tecnica delle costruzioni 1 (froli)\Progetto TDC\progetto TDC.dwg,Tavola 1 Piante e sezioni (2),17/12/2018 10:34:53,domy7,DWG To PDF.pc3,Personalizzato A2,1:1,
C:\Users\domy7\Desktop\Magistrale\Magistrale\Tecnica delle costruzioni 1 (froli)\Progetto TDC\progetto TDC.dwg,Tavola 1 Piante e sezioni (2),17/12/2018 10:35:41,domy7,DWG To PDF.pc3,Personalizzato A2,1:1,
C:\Users\domy7\Desktop\Magistrale\Magistrale\Tecnica delle costruzioni 1 (froli)\Progetto TDC\progetto TDC.dwg,Tavola 2.1 Collegamenti,17/12/2018 10:36:15,domy7,DWG To PDF.pc3,Personalizzato A2,1:1,
C:\Users\domy7\Desktop\Magistrale\Magistrale\Tecnica delle costruzioni 1 (froli)\Progetto TDC\progetto TDC.dwg,Tavola 2.2 Collegamenti,17/12/2018 10:36:54,domy7,DWG To PDF.pc3,Personalizzato A2,1:1,
C:\Users\domy7\Desktop\Magistrale\Magistrale\Tecnica delle costruzioni 1 (froli)\Progetto TDC\progetto TDC.dwg,Tavola 2.1 Collegamenti,17/12/2018 10:37:34,domy7,DWG To PDF.pc3,Personalizzato A2,1:1,
C:\Users\domy7\Desktop\Magistrale\Magistrale\Tecnica delle costruzioni 1 (froli)\Progetto TDC\progetto TDC.dwg,Tavola 2.2 Collegamenti,17/12/2018 10:37:53,domy7,DWG To PDF.pc3,Personalizzato A2,1:1,
C:\Users\domy7\Desktop\Magistrale\Magistrale\Tecnica delle costruzioni 1 (froli)\Progetto TDC\progetto TDC.dwg,Tavola 2.3 Collegamenti,17/12/2018 10:38:11,domy7,DWG To PDF.pc3,Personalizzato A2,1:1,
C:\Users\domy7\Desktop\Magistrale\Magistrale\Tecnica delle costruzioni 1 (froli)\Progetto TDC\progetto TDC.dwg,Tavola 3 Setti,17/12/2018 10:38:54,domy7,DWG To PDF.pc3,Personalizzato A2,1:1,
C:\Users\domy7\Desktop\Magistrale\Magistrale\Tecnica delle costruzioni 1 (froli)\Progetto TDC\progetto TDC.dwg,Tavola 4 Fondazioni,17/12/2018 10:39:31,domy7,DWG To PDF.pc3,Personalizzato A2,1:1,
C:\Users\domy7\Desktop\Magistrale\Magistrale\Tecnica delle costruzioni 1 (froli)\Progetto TDC\progetto TDC.dwg,Tavola 4 Fondazioni,17/12/2018 10:39:49,domy7,DWG To PDF.pc3,Personalizzato A2,1:1,
C:\Users\domy7\Desktop\Magistrale\Magistrale\Tecnica delle costruzioni 1 (froli)\Progetto TDC\progetto TDC.dwg,Tavola 1,04/01/2019 10:30:44,domy7,DWG To PDF.pc3,Personalizzato A1,1:1,
C:\Users\domy7\Desktop\Magistrale\Magistrale\Tecnica delle costruzioni 1 (froli)\Progetto TDC\progetto TDC.dwg,Tavola 2.1,04/01/2019 12:18:19,domy7,DWG To PDF.pc3,Personalizzato A1,1:1,
C:\Users\domy7\Desktop\Magistrale\Magistrale\Tecnica delle costruzioni 1 (froli)\Progetto TDC\progetto TDC.dwg,Tavola 2.2,04/01/2019 12:18:53,domy7,DWG To PDF.pc3,Personalizzato A1,1:1,
C:\Users\domy7\Desktop\Magistrale\Magistrale\Tecnica delle costruzioni 1 (froli)\Progetto TDC\progetto TDC.dwg,Tavola 2.3,04/01/2019 12:22:49,domy7,DWG To PDF.pc3,Personalizzato A1,1:1,
C:\Users\domy7\Desktop\Magistrale\Magistrale\Tecnica delle costruzioni 1 (froli)\Progetto TDC\progetto TDC.dwg,Tavola 4,04/01/2019 12:24:48,domy7,DWG To PDF.pc3,Personalizzato A1,1:1,
C:\Users\domy7\Desktop\Magistrale\Magistrale\Tecnica delle costruzioni 1 (froli)\Progetto TDC\progetto TDC.dwg,Tavola 4,04/01/2019 12:26:04,domy7,DWG To PDF.pc3,Personalizzato A1,1:1,
C:\Users\domy7\Desktop\Magistrale\Magistrale\Tecnica delle costruzioni 1 (froli)\Progetto TDC\progetto TDC.dwg,Tavola 2.2,07/01/2019 22:18:26,domy7,DWG To PDF.pc3,Personalizzato A1,1:1,
C:\Users\domy7\Desktop\Magistrale\Magistrale\Tecnica delle costruzioni 1 (froli)\Progetto TDC\progetto TDC.dwg,Tavola 2.2,07/01/2019 22:23:00,domy7,DWG To PDF.pc3,Personalizzato A1,1:1,
C:\Users\domy7\Desktop\Magistrale\Magistrale\Tecnica delle costruzioni 1 (froli)\Progetto TDC\progetto TDC.dwg,Tavola 2.3,07/01/2019 22:23:55,domy7,DWG To PDF.pc3,Personalizzato A1,1:1,
C:\Users\domy7\Desktop\Magistrale\Magistrale\Tecnica delle costruzioni 1 (froli)\Progetto TDC\progetto TDC.dwg,Tavola 4,09/01/2019 10:54:59,domy7,DWG To PDF.pc3,Personalizzato A1,1:1,
C:\Users\domy7\Desktop\Magistrale\Magistrale\Tecnica delle costruzioni 1 (froli)\Progetto TDC\progetto TDC.dwg,Tavola 2.3,09/01/2019 10:57:06,domy7,DWG To PDF.pc3,Personalizzato A1,1:1,
C:\Users\domy7\Desktop\Magistrale\Magistrale\Tecnica delle costruzioni 1 (froli)\Progetto TDC\progetto TDC.dwg,Tavola 4,09/01/2019 10:57:25,domy7,DWG To PDF.pc3,Personalizzato A1,1:1,
C:\Users\domy7\Desktop\Magistrale\Magistrale\Tecnica delle costruzioni 1 (froli)\Progetto TDC\progetto TDC.dwg,Tavola 2.2,09/01/2019 10:57:47,domy7,DWG To PDF.pc3,Personalizzato A1,1:1,
C:\Users\domy7\Desktop\Magistrale\Magistrale\Tecnica delle costruzioni 1 (froli)\Progetto TDC\progetto TDC.dwg,Tavola 2.1,09/01/2019 10:58:28,domy7,DWG To PDF.pc3,Personalizzato A1,1:1,
C:\Users\domy7\Desktop\Magistrale\Magistrale\Tecnica delle costruzioni 1 (froli)\Progetto TDC\progetto TDC.dwg,Tavola 1,09/01/2019 11:00:00,domy7,DWG To PDF.pc3,Personalizzato A1,1:1,
C:\Users\domy7\Desktop\Magistrale\Magistrale\Tecnica delle costruzioni 1 (froli)\Progetto TDC\progetto TDC.dwg,Tavola 4,09/01/2019 11:04:02,domy7,DWG To PDF.pc3,Personalizzato A1,1:1,
C:\Users\domy7\Desktop\Magistrale\Magistrale\Tecnica delle costruzioni 1 (froli)\Progetto TDC\progetto TDC.dwg,Tavola 1,09/01/2019 11:09:51,domy7,DWG To PDF.pc3,Personalizzato A1,1:1,
C:\Users\domy7\Desktop\Magistrale\Magistrale\Tecnica delle costruzioni 1 (froli)\Progetto TDC\progetto TDC.dwg,Tavola 2.3,09/01/2019 11:30:48,domy7,DWG To PDF.pc3,Personalizzato A1,1:1,
C:\Users\domy7\Desktop\Magistrale\Magistrale\Tecnica delle costruzioni 1 (froli)\Progetto TDC\progetto TDC.dwg,Tavola 1,09/01/2019 11:31:33,domy7,DWG To PDF.pc3,Personalizzato A1,1:1,
C:\Users\domy7\Desktop\Magistrale\Magistrale\Tecnica delle costruzioni 1 (froli)\Progetto TDC\progetto TDC.dwg,Tavola 1,09/01/2019 11:31:54,domy7,DWG To PDF.pc3,Personalizzato A1,1:1,
C:\Users\domy7\Desktop\Magistrale\Magistrale\Tecnica delle costruzioni 1 (froli)\Progetto TDC\progetto TDC.dwg,Tavola 2.1,14/01/2019 23:54:46,domy7,DWG To PDF.pc3,Personalizzato A1,1:1,
C:\Users\domy7\Desktop\Magistrale\Magistrale\Tecnica delle costruzioni 1 (froli)\Progetto TDC\progetto TDC.dwg,Tavola 2.2,14/01/2019 23:55:31,domy7,DWG To PDF.pc3,Personalizzato A1,1:1,
C:\Users\domy7\Desktop\Magistrale\Magistrale\Tecnica delle costruzioni 1 (froli)\Progetto TDC\progetto TDC.dwg,Tavola 2.3,14/01/2019 23:56:06,domy7,DWG To PDF.pc3,Personalizzato A1,1:1,
C:\Users\domy7\Desktop\Magistrale\Magistrale\Tecnica delle costruzioni 1 (froli)\Progetto TDC\progetto TDC.dwg,Tavola 3,14/01/2019 23:57:07,domy7,DWG To PDF.pc3,Personalizzato A1,1:1,
C:\Users\domy7\Desktop\Magistrale\Magistrale\Tecnica delle costruzioni 1 (froli)\Progetto TDC\progetto TDC.dwg,Tavola 4,14/01/2019 23:57:45,domy7,DWG To PDF.pc3,Personalizzato A1,1:1,
C:\Users\domy7\Desktop\Magistrale\Magistrale\Tecnica delle costruzioni 1 (froli)\Progetto TDC\progetto TDC.dwg,Tavola 2.1,17/01/2019 01:01:51,domy7,DWG To PDF.pc3,Personalizzato A1,1:1,
C:\Users\domy7\Desktop\Magistrale\Magistrale\Tecnica delle costruzioni 1 (froli)\Progetto TDC\progetto TDC.dwg,Tavola 2.2,17/01/2019 01:02:14,domy7,DWG To PDF.pc3,Personalizzato A1,1:1,
C:\Users\domy7\Desktop\Magistrale\Magistrale\Tecnica delle costruzioni 1 (froli)\Progetto TDC\progetto TDC.dwg,Tavola 2.2,17/01/2019 01:03:24,domy7,DWG To PDF.pc3,Personalizzato A1,1:1,
C:\Users\domy7\Desktop\Magistrale\Magistrale\Tecnica delle costruzioni 1 (froli)\Progetto TDC\progetto TDC.dwg,Tavola 2.3,17/01/2019 01:03:56,domy7,DWG To PDF.pc3,Personalizzato A1,1:1,
C:\Users\domy7\Desktop\Magistrale\Magistrale\Tecnica delle costruzioni 1 (froli)\Progetto TDC\progetto TDC.dwg,Tavola 1,24/01/2019 10:47:12,domy7,DWG To PDF.pc3,Personalizzato A1,1:1,
C:\Users\domy7\Desktop\Magistrale\Magistrale\Tecnica delle costruzioni 1 (froli)\Progetto TDC\progetto TDC.dwg,Tavola 1,24/01/2019 10:49:02,domy7,DWG To PDF.pc3,Personalizzato A1,1:1,
C:\Users\domy7\Desktop\Magistrale\Magistrale\Tecnica delle costruzioni 1 (froli)\Progetto TDC\progetto TDC.dwg,Tavola 2.1,24/01/2019 10:53:02,domy7,DWG To PDF.pc3,Personalizzato A1,1:1,
C:\Users\domy7\Desktop\Magistrale\Magistrale\Tecnica delle costruzioni 1 (froli)\Progetto TDC\progetto TDC.dwg,Tavola 2.2,24/01/2019 10:53:51,domy7,DWG To PDF.pc3,Personalizzato A1,1:1,
C:\Users\domy7\Desktop\Magistrale\Magistrale\Tecnica delle costruzioni 1 (froli)\Progetto TDC\progetto TDC.dwg,Tavola 2.1,24/01/2019 10:54:11,domy7,DWG To PDF.pc3,Personalizzato A1,1:1,
C:\Users\domy7\Desktop\Magistrale\Magistrale\Tecnica delle costruzioni 1 (froli)\Progetto TDC\progetto TDC.dwg,Tavola 2.2,24/01/2019 10:54:29,domy7,DWG To PDF.pc3,Personalizzato A1,1:1,
C:\Users\domy7\Desktop\Magistrale\Magistrale\Tecnica delle costruzioni 1 (froli)\Progetto TDC\progetto TDC.dwg,Tavola 2.1,24/01/2019 11:05:51,domy7,DWG To PDF.pc3,Personalizzato A1,1:1,
C:\Users\domy7\Desktop\Magistrale\Magistrale\Tecnica delle costruzioni 1 (froli)\Progetto TDC\progetto TDC.dwg,Tavola 2.2,24/01/2019 11:06:53,domy7,DWG To PDF.pc3,Personalizzato A1,1:1,
C:\Users\domy7\Desktop\Magistrale\Magistrale\Tecnica delle costruzioni 1 (froli)\Progetto TDC\progetto TDC.dwg,Tavola 2.2,24/01/2019 11:09:07,domy7,DWG To PDF.pc3,Personalizzato A1,1:1,
C:\Users\domy7\Desktop\Magistrale\Magistrale\Tecnica delle costruzioni 1 (froli)\Progetto TDC\progetto TDC.dwg,Tavola 2.2,24/01/2019 11:35:52,domy7,DWG To PDF.pc3,Personalizzato A1,1:1,
